<?xml version='1.0' encoding='UTF-8'?>
<testsuite hostname="costescu-IdeaPad-Gaming-3-15ACH6" name="TestDatabase" tests="5" errors="0" failures="0" skipped="0" time="0.019" timestamp="2025-05-04T15:32:24">
          <properties>
[...]
</properties>
          <testcase classname="TestDatabase" name="insert 1" time="0.014">
                      
                    </testcase><testcase classname="TestDatabase" name="select 1" time="0.001">
                      
                    </testcase><testcase classname="TestDatabase" name="delete 1" time="0.001">
                      
                    </testcase><testcase classname="TestDatabase" name="update 1" time="0.001">
                      
                    </testcase><testcase classname="TestDatabase" name="indexing 1" time="0.002">
                      
                    </testcase>
          <system-out><![CDATA[]]></system-out>
          <system-err><![CDATA[]]></system-err>
        </testsuite>